Time stamp:17:17:04_04-12-2018
Users choice:Paper
Computers choice:zero[1]
Winner: User
Time stamp:17:17:08_04-12-2018
Users choice:Paper
Computers choice:zero[2]
Winner: User
Time stamp:17:17:09_04-12-2018
Users choice:Paper
Computers choice:zero[2]
Winner: User
Time stamp:17:17:10_04-12-2018
Users choice:Paper
Computers choice:zero[2]
Winner: User
Time stamp:17:17:11_04-12-2018
Users choice:Paper
Computers choice:zero[2]
Winner: User
Time stamp:17:17:12_04-12-2018
Users choice:Paper
Computers choice:zero[3]
Winner: Computer
Time stamp:17:17:12_04-12-2018
Users choice:Paper
Computers choice:zero[1]
Winner: User
Time stamp:17:17:13_04-12-2018
Users choice:Paper
Computers choice:zero[2]
Winner: User
Time stamp:17:17:13_04-12-2018
Users choice:Paper
Computers choice:zero[2]
Winner: User
Time stamp:17:17:14_04-12-2018
Users choice:Paper
Computers choice:zero[1]
Winner: User
Time stamp:17:17:14_04-12-2018
Users choice:Paper
Computers choice:zero[2]
Winner: User
Time stamp:17:17:14_04-12-2018
Users choice:Paper
Computers choice:zero[1]
Winner: User
Time stamp:17:17:14_04-12-2018
Users choice:Paper
Computers choice:zero[2]
Winner: User
Time stamp:17:17:15_04-12-2018
Users choice:Paper
Computers choice:zero[2]
Winner: User
Time stamp:17:17:15_04-12-2018
Users choice:Paper
Computers choice:zero[3]
Winner: Computer
Time stamp:17:17:21_04-12-2018
Users choice:Paper
Computers choice:zero[2]
Winner: Computer
